<?xml version="1.0" encoding="UTF-8"?>
<testng-results ignored="0" total="1" passed="1" failed="0" skipped="0">
  <reporter-output>
    <line>
      <![CDATA[Browser Launched]]>
    </line>
    <line>
      <![CDATA[URL Entered]]>
    </line>
    <line>
      <![CDATA[Email address Entered Succesfully]]>
    </line>
    <line>
      <![CDATA[Password  Entered Succesfully]]>
    </line>
    <line>
      <![CDATA[Login Successfully]]>
    </line>
    <line>
      <![CDATA[Clicked on ApparalesAndShoes]]>
    </line>
    <line>
      <![CDATA[Clicked on 50's Rockabilly Polka Dot Top JR Plus Size ]]>
    </line>
    <line>
      <![CDATA[Added To Whishlist]]>
    </line>
    <line>
      <![CDATA[Clicked on Wishlist]]>
    </line>
    <line>
      <![CDATA[Product is added to whishlist]]>
    </line>
  </reporter-output>
  <suite started-at="2023-12-28T22:15:51 IST" name="Default suite" finished-at="2023-12-28T22:16:00 IST" duration-ms="9422">
    <groups>
    </groups>
    <test started-at="2023-12-28T22:15:51 IST" name="Default test" finished-at="2023-12-28T22:16:00 IST" duration-ms="9422">
      <class name="demowebshope.TC_Wishlist_004_Test">
        <test-method is-config="true" signature="browseSetup()[pri:0, instance:demowebshope.TC_Wishlist_004_Test@5bf0d49]" started-at="2023-12-28T22:15:51 IST" name="browseSetup" finished-at="2023-12-28T22:15:57 IST" duration-ms="6313" status="PASS">
          <reporter-output>
            <line>
              <![CDATA[Browser Launched]]>
            </line>
            <line>
              <![CDATA[URL Entered]]>
            </line>
            <line>
              <![CDATA[Email address Entered Succesfully]]>
            </line>
            <line>
              <![CDATA[Password  Entered Succesfully]]>
            </line>
            <line>
              <![CDATA[Login Successfully]]>
            </line>
          </reporter-output>
        </test-method> <!-- browseSetup -->
        <test-method signature="wishlist()[pri:0, instance:demowebshope.TC_Wishlist_004_Test@5bf0d49]" started-at="2023-12-28T22:15:57 IST" name="wishlist" finished-at="2023-12-28T22:16:00 IST" duration-ms="3061" status="PASS">
          <reporter-output>
            <line>
              <![CDATA[Clicked on ApparalesAndShoes]]>
            </line>
            <line>
              <![CDATA[Clicked on 50's Rockabilly Polka Dot Top JR Plus Size ]]>
            </line>
            <line>
              <![CDATA[Added To Whishlist]]>
            </line>
            <line>
              <![CDATA[Clicked on Wishlist]]>
            </line>
            <line>
              <![CDATA[Product is added to whishlist]]>
            </line>
          </reporter-output>
        </test-method> <!-- wishlist -->
      </class> <!-- demowebshope.TC_Wishlist_004_Test -->
    </test> <!-- Default test -->
  </suite> <!-- Default suite -->
</testng-results>
