<?xml version="1.0" encoding="UTF-8"?>
<testng-results ignored="0" total="1" passed="0" failed="1" skipped="0">
  <reporter-output>
    <line>
      <![CDATA[Browser Launched]]>
    </line>
    <line>
      <![CDATA[URL Entered]]>
    </line>
    <line>
      <![CDATA[Email address Entered Succesfully]]>
    </line>
    <line>
      <![CDATA[Password  Entered Succesfully]]>
    </line>
    <line>
      <![CDATA[Login Successfully]]>
    </line>
    <line>
      <![CDATA[Clicked on Books]]>
    </line>
    <line>
      <![CDATA[Clicked on ComputingInternet]]>
    </line>
    <line>
      <![CDATA[Clicked on AddToCart]]>
    </line>
    <line>
      <![CDATA[Clicked on ShoppingCart]]>
    </line>
    <line>
      <![CDATA[clicked on termodservice]]>
    </line>
    <line>
      <![CDATA[Clicked on Checkout]]>
    </line>
    <line>
      <![CDATA[Clicked on billingContinue]]>
    </line>
    <line>
      <![CDATA[clicked on ShippingAddressContinue]]>
    </line>
    <line>
      <![CDATA[clicked on ShippingMethod]]>
    </line>
    <line>
      <![CDATA[Clicked on creditcardrediobutton]]>
    </line>
    <line>
      <![CDATA[clicked on creditcard]]>
    </line>
    <line>
      <![CDATA[Clicked on paymentbutton]]>
    </line>
  </reporter-output>
  <suite started-at="2024-03-20T09:31:43 IST" name="Default suite" finished-at="2024-03-20T09:32:13 IST" duration-ms="30027">
    <groups>
    </groups>
    <test started-at="2024-03-20T09:31:43 IST" name="Default test" finished-at="2024-03-20T09:32:13 IST" duration-ms="30027">
      <class name="test2.TC_CreditCard_007_Test">
        <test-method is-config="true" signature="browseSetup()[pri:0, instance:test2.TC_CreditCard_007_Test@5bf0d49]" started-at="2024-03-20T09:31:43 IST" name="browseSetup" finished-at="2024-03-20T09:31:50 IST" duration-ms="7194" status="PASS">
          <reporter-output>
            <line>
              <![CDATA[Browser Launched]]>
            </line>
            <line>
              <![CDATA[URL Entered]]>
            </line>
            <line>
              <![CDATA[Email address Entered Succesfully]]>
            </line>
            <line>
              <![CDATA[Password  Entered Succesfully]]>
            </line>
            <line>
              <![CDATA[Login Successfully]]>
            </line>
          </reporter-output>
        </test-method> <!-- browseSetup -->
        <test-method signature="Creditcard()[pri:0, instance:test2.TC_CreditCard_007_Test@5bf0d49]" started-at="2024-03-20T09:31:50 IST" name="Creditcard" finished-at="2024-03-20T09:32:13 IST" duration-ms="22787" status="FAIL">
          <exception class="org.openqa.selenium.ElementNotInteractableException">
            <message>
              <![CDATA[element not interactable
  (Session info: chrome=122.0.6261.129)
Build info: version: '4.16.0', revision: '15400459dd*'
System info: os.name: 'Windows 11', os.arch: 'amd64', os.version: '10.0', java.version: '20.0.2'
Driver info: org.openqa.selenium.chrome.ChromeDriver
Command: [4d89d773ac4d471c26dbff303f378dd7, clickElement {id=f.C6D00E5DE87AC9D6B2BB64473654808B.d.F24A7EA82F7B80B035B29DF853514FD3.e.282}]
Capabilities {acceptInsecureCerts: false, browserName: chrome, browserVersion: 122.0.6261.129, chrome: {chromedriverVersion: 122.0.6261.128 (f18a44fedeb..., userDataDir: C:\Users\User\AppData\Local...}, fedcm:accounts: true, goog:chromeOptions: {debuggerAddress: localhost:54354}, networkConnectionEnabled: false, pageLoadStrategy: normal, platformName: windows, proxy: Proxy(), se:cdp: ws://localhost:54354/devtoo..., se:cdpVersion: 122.0.6261.129, setWindowRect: true, strictFileInteractability: false, timeouts: {implicit: 0, pageLoad: 300000, script: 30000}, unhandledPromptBehavior: dismiss and notify, webauthn:extension:credBlob: true, webauthn:extension:largeBlob: true, webauthn:extension:minPinLength: true, webauthn:extension:prf: true, webauthn:virtualAuthenticators: true}
Element: [[ChromeDriver: chrome on windows (4d89d773ac4d471c26dbff303f378dd7)] -> xpath: //div[@id='confirm-order-buttons-container']/..//input[@value='Confirm']]
Session ID: 4d89d773ac4d471c26dbff303f378dd7]]>
            </message>
            <full-stacktrace>
              <![CDATA[org.openqa.selenium.ElementNotInteractableException: element not interactable
  (Session info: chrome=122.0.6261.129)
Build info: version: '4.16.0', revision: '15400459dd*'
System info: os.name: 'Windows 11', os.arch: 'amd64', os.version: '10.0', java.version: '20.0.2'
Driver info: org.openqa.selenium.chrome.ChromeDriver
Command: [4d89d773ac4d471c26dbff303f378dd7, clickElement {id=f.C6D00E5DE87AC9D6B2BB64473654808B.d.F24A7EA82F7B80B035B29DF853514FD3.e.282}]
Capabilities {acceptInsecureCerts: false, browserName: chrome, browserVersion: 122.0.6261.129, chrome: {chromedriverVersion: 122.0.6261.128 (f18a44fedeb..., userDataDir: C:\Users\User\AppData\Local...}, fedcm:accounts: true, goog:chromeOptions: {debuggerAddress: localhost:54354}, networkConnectionEnabled: false, pageLoadStrategy: normal, platformName: windows, proxy: Proxy(), se:cdp: ws://localhost:54354/devtoo..., se:cdpVersion: 122.0.6261.129, setWindowRect: true, strictFileInteractability: false, timeouts: {implicit: 0, pageLoad: 300000, script: 30000}, unhandledPromptBehavior: dismiss and notify, webauthn:extension:credBlob: true, webauthn:extension:largeBlob: true, webauthn:extension:minPinLength: true, webauthn:extension:prf: true, webauthn:virtualAuthenticators: true}
Element: [[ChromeDriver: chrome on windows (4d89d773ac4d471c26dbff303f378dd7)] -> xpath: //div[@id='confirm-order-buttons-container']/..//input[@value='Confirm']]
Session ID: 4d89d773ac4d471c26dbff303f378dd7
at java.base/jdk.internal.reflect.DirectConstructorHandleAccessor.newInstance(DirectConstructorHandleAccessor.java:67)
at java.base/java.lang.reflect.Constructor.newInstanceWithCaller(Constructor.java:500)
at java.base/java.lang.reflect.Constructor.newInstance(Constructor.java:484)
at org.openqa.selenium.remote.codec.w3c.W3CHttpResponseCodec.createException(W3CHttpResponseCodec.java:200)
at org.openqa.selenium.remote.codec.w3c.W3CHttpResponseCodec.decode(W3CHttpResponseCodec.java:133)
at org.openqa.selenium.remote.codec.w3c.W3CHttpResponseCodec.decode(W3CHttpResponseCodec.java:52)
at org.openqa.selenium.remote.HttpCommandExecutor.execute(HttpCommandExecutor.java:191)
at org.openqa.selenium.remote.service.DriverCommandExecutor.invokeExecute(DriverCommandExecutor.java:200)
at org.openqa.selenium.remote.service.DriverCommandExecutor.execute(DriverCommandExecutor.java:175)
at org.openqa.selenium.remote.RemoteWebDriver.execute(RemoteWebDriver.java:523)
at org.openqa.selenium.remote.RemoteWebElement.execute(RemoteWebElement.java:224)
at org.openqa.selenium.remote.RemoteWebElement.click(RemoteWebElement.java:77)
at java.base/jdk.internal.reflect.DirectMethodHandleAccessor.invoke(DirectMethodHandleAccessor.java:104)
at java.base/java.lang.reflect.Method.invoke(Method.java:578)
at org.openqa.selenium.support.pagefactory.internal.LocatingElementHandler.invoke(LocatingElementHandler.java:51)
at jdk.proxy2/jdk.proxy2.$Proxy11.click(Unknown Source)
at test2.TC_CreditCard_007_Test.Creditcard(TC_CreditCard_007_Test.java:89)
at java.base/jdk.internal.reflect.DirectMethodHandleAccessor.invoke(DirectMethodHandleAccessor.java:104)
at java.base/java.lang.reflect.Method.invoke(Method.java:578)
at org.testng.internal.invokers.MethodInvocationHelper.invokeMethod(MethodInvocationHelper.java:139)
at org.testng.internal.invokers.TestInvoker.invokeMethod(TestInvoker.java:664)
at org.testng.internal.invokers.TestInvoker.invokeTestMethod(TestInvoker.java:227)
at org.testng.internal.invokers.MethodRunner.runInSequence(MethodRunner.java:50)
at org.testng.internal.invokers.TestInvoker$MethodInvocationAgent.invoke(TestInvoker.java:957)
at org.testng.internal.invokers.TestInvoker.invokeTestMethods(TestInvoker.java:200)
at org.testng.internal.invokers.TestMethodWorker.invokeTestMethods(TestMethodWorker.java:148)
at org.testng.internal.invokers.TestMethodWorker.run(TestMethodWorker.java:128)
at java.base/java.util.ArrayList.forEach(ArrayList.java:1511)
at org.testng.TestRunner.privateRun(TestRunner.java:848)
at org.testng.TestRunner.run(TestRunner.java:621)
at org.testng.SuiteRunner.runTest(SuiteRunner.java:443)
at org.testng.SuiteRunner.runSequentially(SuiteRunner.java:437)
at org.testng.SuiteRunner.privateRun(SuiteRunner.java:397)
at org.testng.SuiteRunner.run(SuiteRunner.java:336)
at org.testng.SuiteRunnerWorker.runSuite(SuiteRunnerWorker.java:52)
at org.testng.SuiteRunnerWorker.run(SuiteRunnerWorker.java:95)
at org.testng.TestNG.runSuitesSequentially(TestNG.java:1280)
at org.testng.TestNG.runSuitesLocally(TestNG.java:1200)
at org.testng.TestNG.runSuites(TestNG.java:1114)
at org.testng.TestNG.run(TestNG.java:1082)
at org.testng.remote.AbstractRemoteTestNG.run(AbstractRemoteTestNG.java:115)
at org.testng.remote.RemoteTestNG.initAndRun(RemoteTestNG.java:251)
at org.testng.remote.RemoteTestNG.main(RemoteTestNG.java:77)
]]>
            </full-stacktrace>
          </exception> <!-- org.openqa.selenium.ElementNotInteractableException -->
          <reporter-output>
            <line>
              <![CDATA[Clicked on Books]]>
            </line>
            <line>
              <![CDATA[Clicked on ComputingInternet]]>
            </line>
            <line>
              <![CDATA[Clicked on AddToCart]]>
            </line>
            <line>
              <![CDATA[Clicked on ShoppingCart]]>
            </line>
            <line>
              <![CDATA[clicked on termodservice]]>
            </line>
            <line>
              <![CDATA[Clicked on Checkout]]>
            </line>
            <line>
              <![CDATA[Clicked on billingContinue]]>
            </line>
            <line>
              <![CDATA[clicked on ShippingAddressContinue]]>
            </line>
            <line>
              <![CDATA[clicked on ShippingMethod]]>
            </line>
            <line>
              <![CDATA[Clicked on creditcardrediobutton]]>
            </line>
            <line>
              <![CDATA[clicked on creditcard]]>
            </line>
            <line>
              <![CDATA[Clicked on paymentbutton]]>
            </line>
          </reporter-output>
        </test-method> <!-- Creditcard -->
      </class> <!-- test2.TC_CreditCard_007_Test -->
    </test> <!-- Default test -->
  </suite> <!-- Default suite -->
</testng-results>
